\BOOKMARK [1][-]{section*.1}{Contact Information}{}% 1
\BOOKMARK [1][-]{section*.2}{Research Interests}{}% 2
\BOOKMARK [1][-]{section*.3}{Academic Appointments}{}% 3
\BOOKMARK [1][-]{section*.4}{Education}{}% 4
\BOOKMARK [1][-]{section*.5}{Honors}{}% 5
\BOOKMARK [1][-]{section*.6}{Grants}{}% 6
\BOOKMARK [1][-]{section*.7}{Works in progress}{}% 7
\BOOKMARK [1][-]{section*.8}{Refereed Journal Publications}{}% 8
\BOOKMARK [1][-]{section*.9}{Book Chapters}{}% 9
\BOOKMARK [1][-]{section*.10}{Conference Proceedings}{}% 10
\BOOKMARK [1][-]{section*.11}{Technical Reports}{}% 11
\BOOKMARK [1][-]{section*.12}{Popular[4]Articles}{}% 12
\BOOKMARK [1][-]{section*.13}{Invited Talks}{}% 13
\BOOKMARK [1][-]{section*.14}{Refereed Conference and Workshop Presentations}{}% 14
\BOOKMARK [1][-]{section*.15}{Conference Posters}{}% 15
\BOOKMARK [1][-]{section*.16}{Student Advising}{}% 16
\BOOKMARK [1][-]{section*.17}{Teaching Experience}{}% 17
\BOOKMARK [1][-]{section*.18}{Professional Service}{}% 18
\BOOKMARK [1][-]{section*.19}{Professional Memberships}{}% 19
\BOOKMARK [1][-]{section*.20}{Departmental service}{}% 20
\BOOKMARK [1][-]{section*.21}{Outreach}{}% 21
